[    0.000000] Initializing cgroup subsys cpuset
[    0.000000] Initializing cgroup subsys cpu
[    0.000000] Initializing cgroup subsys cpuacct
[    0.000000] Linux version 4.4.0-98-generic (buildd@lcy01-03) (gcc version 5.4.0 20160609 (Ubuntu 5.4.0-6ubuntu1~16.04.4) ) #121-Ubuntu SMP Tue Oct 10 14:24:03 UTC 2017 (Ubuntu 4.4.0-98.121-generic 4.4.90)
[    0.000000] Command line: BOOT_IMAGE=/boot/vmlinuz-4.4.0-98-generic root=LABEL=cloudimg-rootfs ro console=tty1 console=ttyS0
[    0.000000] KERNEL supported cpus:
[    0.000000]   Intel GenuineIntel
[    0.000000]   AMD AuthenticAMD
[    0.000000]   Centaur CentaurHauls
[    0.000000] ------------[ cut here ]------------
[    0.000000] WARNING: CPU: 0 PID: 0 at /build/linux-3phnTq/linux-4.4.0/arch/x86/kernel/fpu/xstate.c:517 fpu__init_system_xstate+0x38b/0x75a()
[    0.000000] XSAVE consistency problem, dumping leaves
[    0.000000] Modules linked in:
[    0.000000] CPU: 0 PID: 0 Comm: swapper Not tainted 4.4.0-98-generic #121-Ubuntu
[    0.000000]  0000000000000086 32afee3c43b73cba ffffffff81e03d80 ffffffff813fb2c3
[    0.000000]  ffffffff81e03dc8 ffffffff81caa8c8 ffffffff81e03db8 ffffffff810812e2
[    0.000000]  ffffffff81e03e48 ffffffff81e03e4c 0000000000000008 0000000000000100
[    0.000000] Call Trace:
[    0.000000]  [<ffffffff813fb2c3>] dump_stack+0x63/0x90
[    0.000000]  [<ffffffff810812e2>] warn_slowpath_common+0x82/0xc0
[    0.000000]  [<ffffffff8108137c>] warn_slowpath_fmt+0x5c/0x80
[    0.000000]  [<ffffffff8107cff0>] ? xfeature_size+0x59/0x77
[    0.000000]  [<ffffffff81f6e20b>] fpu__init_system_xstate+0x38b/0x75a
[    0.000000]  [<ffffffff81f5e120>] ? early_idt_handler_array+0x120/0x120
[    0.000000]  [<ffffffff81f6db76>] fpu__init_system+0x10d/0x245
[    0.000000]  [<ffffffff81f6ec7f>] early_cpu_init+0x139/0x13e
[    0.000000]  [<ffffffff81f6ec7f>] ? early_cpu_init+0x139/0x13e
[    0.000000]  [<ffffffff81f6a181>] setup_arch+0xb4/0xcf6
[    0.000000]  [<ffffffff81f5e120>] ? early_idt_handler_array+0x120/0x120
[    0.000000]  [<ffffffff81f5ec74>] start_kernel+0xe4/0x4a2
[    0.000000]  [<ffffffff81f5e120>] ? early_idt_handler_array+0x120/0x120
[    0.000000]  [<ffffffff81f5e339>] x86_64_start_reservations+0x2a/0x2c
[    0.000000]  [<ffffffff81f5e485>] x86_64_start_kernel+0x14a/0x16d
[    0.000000] ---[ end trace 4d5ff9f2f68c4233 ]---
[    0.000000] CPUID[0d, 00]: eax=00000007 ebx=00000440 ecx=00000440 edx=00000000
[    0.000000] CPUID[0d, 01]: eax=00000000 ebx=000003c0 ecx=00000000 edx=00000000
[    0.000000] CPUID[0d, 02]: eax=00000100 ebx=00000240 ecx=00000000 edx=00000000
[    0.000000] CPUID[0d, 03]: eax=00000000 ebx=00000000 ecx=00000000 edx=00000000
[    0.000000] CPUID[0d, 04]: eax=00000000 ebx=00000000 ecx=00000000 edx=00000000
[    0.000000] CPUID[0d, 05]: eax=00000000 ebx=00000000 ecx=00000000 edx=00000000
[    0.000000] CPUID[0d, 06]: eax=00000000 ebx=00000000 ecx=00000000 edx=00000000
[    0.000000] CPUID[0d, 07]: eax=00000000 ebx=00000000 ecx=00000000 edx=00000000
[    0.000000] CPUID[0d, 08]: eax=00000000 ebx=00000000 ecx=00000000 edx=00000000
[    0.000000] CPUID[0d, 09]: eax=00000000 ebx=00000000 ecx=00000000 edx=00000000
[    0.000000] CPUID[0d, 0a]: eax=00000000 ebx=00000000 ecx=00000000 edx=00000000
[    0.000000] CPUID[0d, 0b]: eax=00000000 ebx=00000000 ecx=00000000 edx=00000000
[    0.000000] CPUID[0d, 0c]: eax=00000000 ebx=00000000 ecx=00000000 edx=00000000
[    0.000000] CPUID[0d, 0d]: eax=00000000 ebx=00000000 ecx=00000000 edx=00000000
[    0.000000] CPUID[0d, 0e]: eax=00000000 ebx=00000000 ecx=00000000 edx=00000000
[    0.000000] CPUID[0d, 0f]: eax=00000000 ebx=00000000 ecx=00000000 edx=00000000
[    0.000000] CPUID[0d, 10]: eax=00000000 ebx=00000000 ecx=00000000 edx=00000000
[    0.000000] CPUID[0d, 11]: eax=00000000 ebx=00000000 ecx=00000000 edx=00000000
[    0.000000] x86/fpu: xstate_offset[2]:  576, xstate_sizes[2]:  256
[    0.000000] x86/fpu: Supporting XSAVE feature 0x01: 'x87 floating point registers'
[    0.000000] x86/fpu: Supporting XSAVE feature 0x02: 'SSE registers'
[    0.000000] x86/fpu: Supporting XSAVE feature 0x04: 'AVX registers'
[    0.000000] x86/fpu: Enabled xstate features 0x7, context size is 1088 bytes, using 'standard' format.
[    0.000000] x86/fpu: Using 'lazy' FPU context switches.
[    0.000000] e820: BIOS-provided physical RAM map:
[    0.000000] BIOS-e820: [mem 0x0000000000000000-0x000000000009fbff] usable
[    0.000000] BIOS-e820: [mem 0x000000000009fc00-0x000000000009ffff] reserved
[    0.000000] BIOS-e820: [mem 0x00000000000f0000-0x00000000000fffff] reserved
[    0.000000] BIOS-e820: [mem 0x0000000000100000-0x000000003ffeffff] usable
[    0.000000] BIOS-e820: [mem 0x000000003fff0000-0x000000003fffffff] ACPI data
[    0.000000] BIOS-e820: [mem 0x00000000fec00000-0x00000000fec00fff] reserved
[    0.000000] BIOS-e820: [mem 0x00000000fee00000-0x00000000fee00fff] reserved
[    0.000000] BIOS-e820: [mem 0x00000000fffc0000-0x00000000ffffffff] reserved
[    0.000000] NX (Execute Disable) protection: active
[    0.000000] SMBIOS 2.5 present.
[    0.000000] Hypervisor detected: KVM
[    0.000000] e820: last_pfn = 0x3fff0 max_arch_pfn = 0x400000000
[    0.000000] MTRR: Disabled
[    0.000000] x86/PAT: MTRRs disabled, skipping PAT initialization too.
[    0.000000] CPU MTRRs all blank - virtualized system.
[    0.000000] x86/PAT: Configuration [0-7]: WB  WT  UC- UC  WB  WT  UC- UC  
[    0.000000] found SMP MP-table at [mem 0x0009fff0-0x0009ffff] mapped at [ffff88000009fff0]
[    0.000000] Scanning 1 areas for low memory corruption
[    0.000000] RAMDISK: [mem 0x36acc000-0x3755dfff]
[    0.000000] ACPI: Early table checksum verification disabled
[    0.000000] ACPI: RSDP 0x00000000000E0000 000024 (v02 VBOX  )
[    0.000000] ACPI: XSDT 0x000000003FFF0030 00003C (v01 VBOX   VBOXXSDT 00000001 ASL  00000061)
[    0.000000] ACPI: FACP 0x000000003FFF00F0 0000F4 (v04 VBOX   VBOXFACP 00000001 ASL  00000061)
[    0.000000] ACPI: DSDT 0x000000003FFF0470 0021FF (v02 VBOX   VBOXBIOS 00000002 INTL 20100528)
[    0.000000] ACPI: FACS 0x000000003FFF0200 000040
[    0.000000] ACPI: FACS 0x000000003FFF0200 000040
[    0.000000] ACPI: APIC 0x000000003FFF0240 00005C (v02 VBOX   VBOXAPIC 00000001 ASL  00000061)
[    0.000000] ACPI: SSDT 0x000000003FFF02A0 0001CC (v01 VBOX   VBOXCPUT 00000002 INTL 20100528)
[    0.000000] No NUMA configuration found
[    0.000000] Faking a node at [mem 0x0000000000000000-0x000000003ffeffff]
[    0.000000] NODE_DATA(0) allocated [mem 0x3ffeb000-0x3ffeffff]
[    0.000000] kvm-clock: Using msrs 4b564d01 and 4b564d00
[    0.000000] kvm-clock: cpu 0, msr 0:3ffe3001, primary cpu clock
[    0.000000] kvm-clock: using sched offset of 2946692383 cycles
[    0.000000] clocksource: kvm-clock: mask: 0xffffffffffffffff max_cycles: 0x1cd42e4dffb, max_idle_ns: 881590591483 ns
[    0.000000] Zone ranges:
[    0.000000]   DMA      [mem 0x0000000000001000-0x0000000000ffffff]
[    0.000000]   DMA32    [mem 0x0000000001000000-0x000000003ffeffff]
[    0.000000]   Normal   empty
[    0.000000]   Device   empty
[    0.000000] Movable zone start for each node
[    0.000000] Early memory node ranges
[    0.000000]   node   0: [mem 0x0000000000001000-0x000000000009efff]
[    0.000000]   node   0: [mem 0x0000000000100000-0x000000003ffeffff]
[    0.000000] Initmem setup node 0 [mem 0x0000000000001000-0x000000003ffeffff]
[    0.000000] ACPI: PM-Timer IO Port: 0x4008
[    0.000000] IOAPIC[0]: apic_id 2, version 32, address 0xfec00000, GSI 0-23
[    0.000000] ACPI: INT_SRC_OVR (bus 0 bus_irq 0 global_irq 2 dfl dfl)
[    0.000000] ACPI: INT_SRC_OVR (bus 0 bus_irq 9 global_irq 9 high level)
[    0.000000] Using ACPI (MADT) for SMP configuration information
[    0.000000] smpboot: Allowing 2 CPUs, 0 hotplug CPUs
[    0.000000] PM: Registered nosave memory: [mem 0x00000000-0x00000fff]
[    0.000000] PM: Registered nosave memory: [mem 0x0009f000-0x0009ffff]
[    0.000000] PM: Registered nosave memory: [mem 0x000a0000-0x000effff]
[    0.000000] PM: Registered nosave memory: [mem 0x000f0000-0x000fffff]
[    0.000000] e820: [mem 0x40000000-0xfebfffff] available for PCI devices
[    0.000000] Booting paravirtualized kernel on KVM
[    0.000000] clocksource: refined-jiffies: mask: 0xffffffff max_cycles: 0xffffffff, max_idle_ns: 7645519600211568 ns
[    0.000000] setup_percpu: NR_CPUS:512 nr_cpumask_bits:512 nr_cpu_ids:2 nr_node_ids:1
[    0.000000] PERCPU: Embedded 34 pages/cpu @ffff88003fc00000 s98328 r8192 d32744 u1048576
[    0.000000] PV qspinlock hash table entries: 256 (order: 0, 4096 bytes)
[    0.000000] Built 1 zonelists in Node order, mobility grouping on.  Total pages: 257913
[    0.000000] Policy zone: DMA32
[    0.000000] Kernel command line: BOOT_IMAGE=/boot/vmlinuz-4.4.0-98-generic root=LABEL=cloudimg-rootfs ro console=tty1 console=ttyS0
[    0.000000] PID hash table entries: 4096 (order: 3, 32768 bytes)
[    0.000000] Memory: 1001740K/1048120K available (8484K kernel code, 1294K rwdata, 3988K rodata, 1492K init, 1316K bss, 46380K reserved, 0K cma-reserved)
[    0.000000] SLUB: HWalign=64, Order=0-3, MinObjects=0, CPUs=2, Nodes=1
[    0.000000] Hierarchical RCU implementation.
[    0.000000] 	Build-time adjustment of leaf fanout to 64.
[    0.000000] 	RCU restricting CPUs from NR_CPUS=512 to nr_cpu_ids=2.
[    0.000000] RCU: Adjusting geometry for rcu_fanout_leaf=64, nr_cpu_ids=2
[    0.000000] NR_IRQS:33024 nr_irqs:440 16
[    0.000000] Console: colour VGA+ 80x25
[    0.000000] console [tty1] enabled
[    0.000000] console [ttyS0] enabled
[    0.000000] tsc: Detected 3503.994 MHz processor
[    1.765488] Calibrating delay loop (skipped) preset value.. 7007.98 BogoMIPS (lpj=14015976)
[    1.766634] pid_max: default: 32768 minimum: 301
[    1.767246] ACPI: Core revision 20150930
[    1.768473] ACPI: 2 ACPI AML tables successfully acquired and loaded
[    1.769381] Security Framework initialized
[    1.781645] Yama: becoming mindful.
[    1.782166] AppArmor: AppArmor initialized
[    1.782791] Dentry cache hash table entries: 131072 (order: 8, 1048576 bytes)
[    1.783753] Inode-cache hash table entries: 65536 (order: 7, 524288 bytes)
[    1.786059] Mount-cache hash table entries: 2048 (order: 2, 16384 bytes)
[    1.796920] Mountpoint-cache hash table entries: 2048 (order: 2, 16384 bytes)
[    1.797889] Initializing cgroup subsys io
[    1.801706] Initializing cgroup subsys memory
[    1.802299] Initializing cgroup subsys devices
[    1.802893] Initializing cgroup subsys freezer
[    1.803489] Initializing cgroup subsys net_cls
[    1.804083] Initializing cgroup subsys perf_event
[    1.806183] Initializing cgroup subsys net_prio
[    1.806798] Initializing cgroup subsys hugetlb
[    1.807392] Initializing cgroup subsys pids
[    1.808082] CPU: Physical Processor ID: 0
[    1.808643] CPU: Processor Core ID: 0
[    1.810212] mce: CPU supports 0 MCE banks
[    1.810780] Last level iTLB entries: 4KB 128, 2MB 8, 4MB 8
[    1.811492] Last level dTLB entries: 4KB 64, 2MB 0, 4MB 0, 1GB 4
[    1.819376] Freeing SMP alternatives memory: 32K
[    1.830382] ftrace: allocating 32154 entries in 126 pages
[    1.868292] smpboot: APIC(0) Converting physical 0 to logical package 0
[    1.870822] smpboot: Max logical packages: 1
[    1.871614] x2apic enabled
[    1.872225] Switched APIC routing to physical x2apic.
[    1.875437] ..TIMER: vector=0x30 apic1=0 pin1=2 apic2=-1 pin2=-1
[    1.981792] smpboot: CPU0: Intel(R) Core(TM) i5-6600K CPU @ 3.50GHz (family: 0x6, model: 0x5e, stepping: 0x3)
[    1.987036] Performance Events: unsupported p6 CPU model 94 no PMU driver, software events only.
[    1.988302] KVM setup paravirtual spinlock
[    1.991606] x86: Booting SMP configuration:
[    1.992181] .... node  #0, CPUs:      #1
[    1.992778] kvm-clock: cpu 1, msr 0:3ffe3041, secondary cpu clock
[    1.995557] mce: CPU supports 0 MCE banks
[    1.997879] x86: Booted up 1 node, 2 CPUs
[    2.003203] smpboot: Total of 2 processors activated (14015.97 BogoMIPS)
[    2.004235] devtmpfs: initialized
[    2.006917] evm: security.selinux
[    2.007410] evm: security.SMACK64
[    2.007896] evm: security.SMACK64EXEC
[    2.017212] evm: security.SMACK64TRANSMUTE
[    2.017773] evm: security.SMACK64MMAP
[    2.018307] evm: security.ima
[    2.030049] evm: security.capability
[    2.030702] clocksource: jiffies: mask: 0xffffffff max_cycles: 0xffffffff, max_idle_ns: 7645041785100000 ns
[    2.031924] futex hash table entries: 512 (order: 3, 32768 bytes)
[    2.032736] pinctrl core: initialized pinctrl subsystem
[    2.033469] RTC time:  3:32:02, date: 11/15/17
[    2.036377] NET: Registered protocol family 16
[    2.047929] cpuidle: using governor ladder
[    2.063603] cpuidle: using governor menu
[    2.064175] PCCT header not found.
[    2.064722] ACPI: bus type PCI registered
[    2.065277] acpiphp: ACPI Hot Plug PCI Controller Driver version: 0.5
[    2.067895] PCI: Using configuration type 1 for base access
[    2.078889] ACPI: Added _OSI(Module Device)
[    2.083859] ACPI: Added _OSI(Processor Device)
[    2.084451] ACPI: Added _OSI(3.0 _SCP Extensions)
[    2.085063] ACPI: Added _OSI(Processor Aggregator Device)
[    2.086232] ACPI: Executed 1 blocks of module-level executable AML code
[    2.088398] ACPI: Interpreter enabled
[    2.090525] ACPI: (supports S0 S5)
[    2.091027] ACPI: Using IOAPIC for interrupt routing
[    2.091767] PCI: Using host bridge windows from ACPI; if necessary, use "pci=nocrs" and report a bug
[    2.095278] ACPI: PCI Root Bridge [PCI0] (domain 0000 [bus 00-ff])
[    2.096033] acpi PNP0A03:00: _OSC: OS supports [ASPM ClockPM Segments MSI]
[    2.096861] acpi PNP0A03:00: _OSC: not requesting OS control; OS requires [ExtendedConfig ASPM ClockPM MSI]
[    2.098106] acpi PNP0A03:00: fail to add MMCONFIG information, can't access extended PCI configuration space under this bridge.
[    2.102604] PCI host bridge to bus 0000:00
[    2.103172] pci_bus 0000:00: root bus resource [io  0x0000-0x0cf7 window]
[    2.103976] pci_bus 0000:00: root bus resource [io  0x0d00-0xffff window]
[    2.104782] pci_bus 0000:00: root bus resource [mem 0x000a0000-0x000bffff window]
[    2.105808] pci_bus 0000:00: root bus resource [mem 0x40000000-0xffdfffff window]
[    2.106854] pci_bus 0000:00: root bus resource [bus 00-ff]
[    2.108692] pci 0000:00:01.1: legacy IDE quirk: reg 0x10: [io  0x01f0-0x01f7]
[    2.109529] pci 0000:00:01.1: legacy IDE quirk: reg 0x14: [io  0x03f6]
[    2.110322] pci 0000:00:01.1: legacy IDE quirk: reg 0x18: [io  0x0170-0x0177]
[    2.111158] pci 0000:00:01.1: legacy IDE quirk: reg 0x1c: [io  0x0376]
[    2.119647] pci 0000:00:07.0: quirk: [io  0x4000-0x403f] claimed by PIIX4 ACPI
[    2.128798] pci 0000:00:07.0: quirk: [io  0x4100-0x410f] claimed by PIIX4 SMB
[    2.132303] ACPI: PCI Interrupt Link [LNKA] (IRQs 5 9 10 *11)
[    2.134818] ACPI: PCI Interrupt Link [LNKB] (IRQs 5 9 10 *11)
[    2.135846] ACPI: PCI Interrupt Link [LNKC] (IRQs 5 9 *10 11)
[    2.136879] ACPI: PCI Interrupt Link [LNKD] (IRQs 5 *9 10 11)
[    2.142831] ACPI: Enabled 2 GPEs in block 00 to 07
[    2.143657] vgaarb: setting as boot device: PCI:0000:00:02.0
[    2.144359] vgaarb: device added: PCI:0000:00:02.0,decodes=io+mem,owns=io+mem,locks=none
[    2.145427] vgaarb: loaded
[    2.145876] vgaarb: bridge control possible 0000:00:02.0
[    2.146696] SCSI subsystem initialized
[    2.147276] ACPI: bus type USB registered
[    2.147839] usbcore: registered new interface driver usbfs
[    2.148530] usbcore: registered new interface driver hub
[    2.149207] usbcore: registered new device driver usb
[    2.149989] PCI: Using ACPI for IRQ routing
[    2.150740] NetLabel: Initializing
[    2.151237] NetLabel:  domain hash size = 128
[    2.151817] NetLabel:  protocols = UNLABELED CIPSOv4
[    2.152461] NetLabel:  unlabeled traffic allowed by default
[    2.153223] amd_nb: Cannot enumerate AMD northbridges
[    2.153918] clocksource: Switched to clocksource kvm-clock
[    2.160707] AppArmor: AppArmor Filesystem Enabled
[    2.167722] pnp: PnP ACPI init
[    2.168688] pnp: PnP ACPI: found 3 devices
[    2.176393] clocksource: acpi_pm: mask: 0xffffff max_cycles: 0xffffff, max_idle_ns: 2085701024 ns
[    2.183958] NET: Registered protocol family 2
[    2.184655] TCP established hash table entries: 8192 (order: 4, 65536 bytes)
[    2.185500] TCP bind hash table entries: 8192 (order: 5, 131072 bytes)
[    2.194543] TCP: Hash tables configured (established 8192 bind 8192)
[    2.195334] UDP hash table entries: 512 (order: 2, 16384 bytes)
[    2.196071] UDP-Lite hash table entries: 512 (order: 2, 16384 bytes)
[    2.196871] NET: Registered protocol family 1
[    2.197469] pci 0000:00:00.0: Limiting direct PCI/PCI transfers
[    2.198234] pci 0000:00:01.0: Activating ISA DMA hang workarounds
[    2.200016] Unpacking initramfs...
[    3.513433] Freeing initrd memory: 10824K
[    3.526582] platform rtc_cmos: registered platform RTC device (no PNP device found)
[    3.527637] Scanning for low memory corruption every 60 seconds
[    3.528594] audit: initializing netlink subsys (disabled)
[    3.529286] audit: type=2000 audit(1510716726.740:1): initialized
[    3.536389] Initialise system trusted keyring
[    3.537083] HugeTLB registered 2 MB page size, pre-allocated 0 pages
[    3.538820] zbud: loaded
[    3.541263] VFS: Disk quotas dquot_6.6.0
[    3.541870] VFS: Dquot-cache hash table entries: 512 (order 0, 4096 bytes)
[    3.542872] squashfs: version 4.0 (2009/01/31) Phillip Lougher
[    3.543780] fuse init (API version 7.23)
[    3.544424] Key type big_key registered
[    3.544975] Allocating IMA MOK and blacklist keyrings.
[    3.546266] Key type asymmetric registered
[    3.546828] Asymmetric key parser 'x509' registered
[    3.547483] Block layer SCSI generic (bsg) driver version 0.4 loaded (major 249)
[    3.548528] io scheduler noop registered
[    3.549076] io scheduler deadline registered (default)
[    3.549754] io scheduler cfq registered
[    3.550361] pci_hotplug: PCI Hot Plug PCI Core version: 0.5
[    3.551060] pciehp: PCI Express Hot Plug Controller Driver version: 0.4
[    3.551921] ACPI: AC Adapter [AC] (on-line)
[    3.552528] input: Power Button as /devices/LNXSYSTM:00/LNXPWRBN:00/input/input0
[    3.553533] ACPI: Power Button [PWRF]
[    3.557536] input: Sleep Button as /devices/LNXSYSTM:00/LNXSLPBN:00/input/input1
[    3.559659] ACPI: Sleep Button [SLPF]
[    3.560308] GHES: HEST is not enabled!
[    3.560924] Serial: 8250/16550 driver, 32 ports, IRQ sharing enabled
[    3.583143] 00:02: ttyS0 at I/O 0x3f8 (irq = 4, base_baud = 115200) is a 16550A
[    3.587255] Linux agpgart interface v0.103
[    3.593285] loop: module loaded
[    3.594145] scsi host0: ata_piix
[    3.594711] scsi host1: ata_piix
[    3.595215] ata1: PATA max UDMA/33 cmd 0x1f0 ctl 0x3f6 bmdma 0xd000 irq 14
[    3.596029] ata2: PATA max UDMA/33 cmd 0x170 ctl 0x376 bmdma 0xd008 irq 15
[    3.596903] libphy: Fixed MDIO Bus: probed
[    3.597475] tun: Universal TUN/TAP device driver, 1.6
[    3.598128] tun: (C) 1999-2004 Max Krasnyansky <maxk@qualcomm.com>
[    3.598947] PPP generic driver version 2.4.2
[    3.599593] ehci_hcd: USB 2.0 'Enhanced' Host Controller (EHCI) Driver
[    3.600377] ehci-pci: EHCI PCI platform driver
[    3.600979] ehci-platform: EHCI generic platform driver
[    3.601646] ohci_hcd: USB 1.1 'Open' Host Controller (OHCI) Driver
[    3.602417] ohci-pci: OHCI PCI platform driver
[    3.603016] ohci-platform: OHCI generic platform driver
[    3.610552] uhci_hcd: USB Universal Host Controller Interface driver
[    3.620825] i8042: PNP: PS/2 Controller [PNP0303:PS2K,PNP0f03:PS2M] at 0x60,0x64 irq 1,12
[    3.623891] serio: i8042 KBD port at 0x60,0x64 irq 1
[    3.624540] serio: i8042 AUX port at 0x60,0x64 irq 12
[    3.625311] mousedev: PS/2 mouse device common for all mice
[    3.626223] input: AT Translated Set 2 keyboard as /devices/platform/i8042/serio0/input/input2
[    3.627654] rtc_cmos rtc_cmos: rtc core: registered rtc_cmos as rtc0
[    3.636175] rtc_cmos rtc_cmos: alarms up to one day, 114 bytes nvram
[    3.636947] i2c /dev entries driver
[    3.637486] device-mapper: uevent: version 1.0.3
[    3.638214] device-mapper: ioctl: 4.34.0-ioctl (2015-10-28) initialised: dm-devel@redhat.com
[    3.643730] ledtrig-cpu: registered to indicate activity on CPUs
[    3.644751] NET: Registered protocol family 10
[    3.645460] NET: Registered protocol family 17
[    3.646065] Key type dns_resolver registered
[    3.646773] microcode: CPU0 sig=0x506e3, pf=0x2, revision=0x0
[    3.647498] microcode: CPU1 sig=0x506e3, pf=0x2, revision=0x0
[    3.648254] microcode: Microcode Update Driver: v2.01 <tigran@aivazian.fsnet.co.uk>, Peter Oruba
[    3.649556] registered taskstats version 1
[    3.650128] Loading compiled-in X.509 certificates
[    3.651178] Loaded X.509 cert 'Build time autogenerated kernel key: 7431eaeda5a51458aeb00f8de0f18f89e178d882'
[    3.652425] zswap: loaded using pool lzo/zbud
[    3.666007] Key type trusted registered
[    3.672139] Key type encrypted registered
[    3.674425] AppArmor: AppArmor sha1 policy hashing enabled
[    3.675119] ima: No TPM chip found, activating TPM-bypass!
[    3.675820] evm: HMAC attrs: 0x1
[    3.676490]   Magic number: 9:949:512
[    3.677080] rtc_cmos rtc_cmos: setting system clock to 2017-11-15 03:32:04 UTC (1510716724)
[    3.680671] BIOS EDD facility v0.16 2004-Jun-25, 0 devices found
[    3.684399] EDD information not available.
[    3.756446] Freeing unused kernel memory: 1492K
[    3.761564] Write protecting the kernel read-only data: 14336k
[    3.765209] Freeing unused kernel memory: 1744K
[    3.767934] Freeing unused kernel memory: 108K
Loading, please wait...
starting version[    3.793330] random: systemd-udevd: uninitialized urandom read (16 bytes read, 3 bits of entropy available)
 229
[    3.794505] random: udevadm: uninitialized urandom read (16 bytes read, 3 bits of entropy available)
[    3.794539] random: udevadm: uninitialized urandom read (16 bytes read, 3 bits of entropy available)
[    3.806277] random: udevadm: uninitialized urandom read (16 bytes read, 3 bits of entropy available)
[    3.806318] random: udevadm: uninitialized urandom read (16 bytes read, 3 bits of entropy available)
[    3.806440] random: udevadm: uninitialized urandom read (16 bytes read, 3 bits of entropy available)
[    3.806486] random: udevadm: uninitialized urandom read (16 bytes read, 3 bits of entropy available)
[    3.806530] random: udevadm: uninitialized urandom read (16 bytes read, 3 bits of entropy available)
[    3.806575] random: udevadm: uninitialized urandom read (16 bytes read, 3 bits of entropy available)
[    3.806619] random: udevadm: uninitialized urandom read (16 bytes read, 3 bits of entropy available)
[    3.869850] e1000: Intel(R) PRO/1000 Network Driver - version 7.3.21-k8-NAPI
[    3.876638] e1000: Copyright (c) 1999-2006 Intel Corporation.
[    3.879254] Fusion MPT base driver 3.04.20
[    3.879818] Copyright (c) 1999-2008 LSI Corporation
[    3.891569] AVX version of gcm_enc/dec engaged.
[    3.903908] AES CTR mode by8 optimization enabled
[    3.904635] Fusion MPT SPI Host driver 3.04.20
[    4.088115] input: ImExPS/2 Generic Explorer Mouse as /devices/platform/i8042/serio1/input/input4
[    4.218588] e1000 0000:00:03.0 eth0: (PCI:33MHz:32-bit) 02:53:17:3c:de:80
[    4.224192] e1000 0000:00:03.0 eth0: Intel(R) PRO/1000 Network Connection
[    4.225484] mptbase: ioc0: Initiating bringup
[    4.225592] e1000 0000:00:03.0 enp0s3: renamed from eth0
[    4.290893] ioc0: LSI53C1030 A0: Capabilities={Initiator}
[    4.459692] scsi host2: ioc0: LSI53C1030 A0, FwRev=00000000h, Ports=1, MaxQ=256, IRQ=20
[    4.526677] tsc: Refined TSC clocksource calibration: 3506.370 MHz
[    4.538167] clocksource: tsc: mask: 0xffffffffffffffff max_cycles: 0x328ad2398c2, max_idle_ns: 440795205856 ns
[    4.574535] scsi 2:0:0:0: Direct-Access     VBOX     HARDDISK         1.0  PQ: 0 ANSI: 5
[    4.586099] scsi target2:0:0: Beginning Domain Validation
[    4.587365] scsi target2:0:0: Domain Validation skipping write tests
[    4.588251] scsi target2:0:0: Ending Domain Validation
[    4.589056] scsi target2:0:0: asynchronous
[    4.589983] scsi 2:0:1:0: Direct-Access     VBOX     HARDDISK         1.0  PQ: 0 ANSI: 5
[    4.643784] scsi target2:0:1: Beginning Domain Validation
[    4.644890] scsi target2:0:1: Domain Validation skipping write tests
[    4.645652] scsi target2:0:1: Ending Domain Validation
[    4.646337] scsi target2:0:1: asynchronous
[    4.649365] sd 2:0:0:0: Attached scsi generic sg0 type 0
[    4.660193] sd 2:0:0:0: [sda] 20971520 512-byte logical blocks: (10.7 GB/10.0 GiB)
[    4.662918] sd 2:0:1:0: Attached scsi generic sg1 type 0
[    4.666751] sd 2:0:1:0: [sdb] 20480 512-byte logical blocks: (10.5 MB/10.0 MiB)
[    4.667775] sd 2:0:0:0: [sda] Write Protect is off
[    4.668559] sd 2:0:0:0: [sda] Incomplete mode parameter data
[    4.669259] sd 2:0:0:0: [sda] Assuming drive cache: write through
[    4.670043] sd 2:0:1:0: [sdb] Write Protect is off
[    4.670788] sd 2:0:1:0: [sdb] Incomplete mode parameter data
[    4.673046] sd 2:0:1:0: [sdb] Assuming drive cache: write through
[    4.674408]  sda: sda1
[    4.676362] sd 2:0:0:0: [sda] Attached SCSI disk
[    4.677319] sd 2:0:1:0: [sdb] Attached SCSI disk
[    6.886896] floppy0: no floppy controllers found
Begin: Loading e[    8.225844] md: linear personality registered for level -1
ssential drivers ... [    8.232488] md: multipath personality registered for level -4
[    8.234500] md: raid0 personality registered for level 0
[    8.236652] md: raid1 personality registered for level 1
[    8.310762] raid6: sse2x1   gen() 10568 MB/s
[    8.381926] raid6: sse2x1   xor()  6958 MB/s
[    8.450574] raid6: sse2x2   gen() 11447 MB/s
[    8.518117] raid6: sse2x2   xor()  9395 MB/s
[    8.594031] raid6: sse2x4   gen() 13081 MB/s
[    8.662314] raid6: sse2x4   xor() 10787 MB/s
[    8.664858] raid6: using algorithm sse2x4 gen() 13081 MB/s
[    8.665540] raid6: .... xor() 10787 MB/s, rmw enabled
[    8.666183] raid6: using ssse3x2 recovery algorithm
[    8.670961] xor: automatically using best checksumming function:
[    8.714149]    avx       : 29050.000 MB/sec
[    8.719979] async_tx: api initialized (async)
[    8.729421] md: raid6 personality registered for level 6
[    8.734703] md: raid5 personality registered for level 5
[    8.735368] md: raid4 personality registered for level 4
[    8.739090] md: raid10 personality registered for level 10
done.
Begin: Running /scripts/init-premount ... done.
Begin: Mounting root file system ... Begin: Running /scripts/local-top ... done.
Begin: Running /scripts/local-premount ... [    8.761617] Btrfs loaded
Scanning for Btrfs filesystems
done.
Warning: fsck not present, so sk[    8.779242] EXT4-fs (sda1): mounted filesystem with ordered data mode. Opts: (null)
ipping root file system
done.
Begin: Running /scripts/local-bottom ... done.
Begin: Running /scripts/init-bottom ... done.
[    8.836500] systemd[1]: systemd 229 running in system mode. (+PAM +AUDIT +SELINUX +IMA +APPARMOR +SMACK +SYSVINIT +UTMP +LIBCRYPTSETUP +GCRYPT +GNUTLS +ACL +XZ -LZ4 +SECCOMP +BLKID +ELFUTILS +KMOD -IDN)
[    8.844714] systemd[1]: Detected virtualization oracle.
[    8.845381] systemd[1]: Detected architecture x86-64.

Welcome to [1mUbuntu 16.04.3 LTS[0m!

[    8.849422] systemd[1]: Set hostname to <ubuntu>.
[    8.851085] systemd[1]: Initializing machine ID from random generator.
[    8.851884] systemd[1]: Installed transient /etc/machine-id file.
[    8.924337] systemd[1]: Reached target Swap.
[[0;32m  OK  [0m] Reached target Swap.
[    8.929114] systemd[1]: Listening on Journal Socket (/dev/log).
[[0;32m  OK  [0m] Listening on Journal Socket (/dev/log).
[    8.932205] systemd[1]: Listening on LVM2 poll daemon socket.
[[0;32m  OK  [0m] Listening on LVM2 poll daemon socket.
[    8.937065] systemd[1]: Created slice User and Session Slice.
[[0;32m  OK  [0m] Created slice User and Session Slice.
[    8.942029] systemd[1]: Reached target Encrypted Volumes.
[[0;32m  OK  [0m] Reached target Encrypted Volumes.
[    8.944867] systemd[1]: Started Forward Password Requests to Wall Directory Watch.
[[0;32m  OK  [0m] Started Forward Password Requests to Wall Directory Watch.
[    8.952906] systemd[1]: Set up automount Arbitrary Executable File Formats File System Automount Point.
[[0;32m  OK  [0m] Set up automount Arbitrary Executab...ats File System Automount Point.
[    8.962511] systemd[1]: Listening on LVM2 metadata daemon socket.
[[0;32m  OK  [0m] Listening on LVM2 metadata daemon socket.
[    8.965227] systemd[1]: Listening on Journal Socket.
[[0;32m  OK  [0m] Listening on Journal Socket.
[    8.967700] systemd[1]: Listening on /dev/initctl Compatibility Named Pipe.
[[0;32m  OK  [0m] Listening on /dev/initctl Compatibility Named Pipe.
[    8.972283] systemd[1]: Listening on Syslog Socket.
[[0;32m  OK  [0m] Listening on Syslog Socket.
[    8.975891] systemd[1]: Created slice System Slice.
[[0;32m  OK  [0m] Created slice System Slice.
[    8.990549] systemd[1]: Starting Nameserver information manager...
         Starting Nameserver information manager...
[    8.996852] systemd[1]: Starting Uncomplicated firewall...
         Starting Uncomplicated firewall...
[    9.000370] systemd[1]: Mounting POSIX Message Queue File System...
         Mounting POSIX Message Queue File System...
[    9.001932] systemd[1]: Created slice system-serial\x2dgetty.slice.
[[0;32m  OK  [0m] Created slice system-serial\x2dgetty.slice.
[    9.006805] systemd[1]: Starting Set console keymap...
         Starting Set console keymap...
[    9.012200] systemd[1]: Starting Remount Root and Kernel File Systems...
[    9.014277] EXT4-fs (sda1): re-mounted. Opts: (null)
         Starting Remount Root and Kernel File Systems...
[    9.017181] systemd[1]: Starting Load Kernel Modules...
         Starting Load Kernel Modules...
[    9.021302] Loading iSCSI transport class v2.0-870.
[    9.021626] systemd[1]: Starting Create list of required static device nodes for the current kernel...
         Starting Create list of required st... nodes for the current kernel...
[    9.035494] systemd[1]: Reached target Slices.
[[0;32m  OK  [0m] Reached targ[    9.038584] iscsi: registered transport (tcp)
et Slices.
[    9.055080] systemd[1]: Listening on udev Kernel Socket.
[[0;32m  OK  [0m] Listening on udev Kernel Socket.
[    9.061324] systemd[1]: Listening on udev Control Socket.
[[0;32m  OK  [0m] Listening on udev Control Socket.
[    9.064081] systemd[1]: Mounting Debug File System...
         Mounting Debug File System...
[    9.065645] systemd[1]: Mounting Huge Pages File System...
         Mounting Huge Pages File System...
[    9.072264] iscsi: registered transport (iser)
[    9.074623] systemd[1]: Reached target User and Group Name Lookups.
[[0;32m  OK  [0m] Reached target User and Group Name Lookups.
[    9.079975] systemd[1]: Started Trigger resolvconf update for networkd DNS.
[[0;32m  OK  [0m] Started Trigger resolvconf update for networkd DNS.
[    9.090808] systemd[1]: Listening on Journal Audit Socket.
[[0;32m  OK  [0m] Listening on Journal Audit Socket.
[    9.106591] systemd[1]: Starting Journal Service...
         Starting Journal Service...
[    9.110508] systemd[1]: Listening on Device-mapper event daemon FIFOs.
[[0;32m  OK  [0m] Listening on Device-mapper event daemon FIFOs.
[    9.116952] systemd[1]: Starting Monitoring of LVM2 mirrors, snapshots etc. using dmeventd or progress polling...
         Starting Monitoring of LVM2 mirrors... dmeventd or progress polling...
[    9.120125] systemd[1]: Mounted Huge Pages File System.
[[0;32m  OK  [0m] Mounted Huge Pages File System.
[    9.130149] systemd[1]: Mounted Debug File System.
[[0;32m  OK  [0m] Mounted Debug File System.
[    9.133179] systemd[1]: Mounted POSIX Message Queue File System.
[[0;32m  OK  [0m] Mounted POSIX Message Queue File System.
[    9.136338] systemd[1]: Started Journal Service.
[[0;32m  OK  [0m] Started Journal Service.
[[0;32m  OK  [0m] Started Uncomplicated firewall.
[[0;32m  OK  [0m] Started Set console keymap.
[[0;32m  OK  [0m] Started Remount Root and Kernel File Systems.
[[0;32m  OK  [0m] Started Load Kernel Modules.
[[0;32m  OK  [0m] Started Create list of required sta...ce nodes for the current kernel.
[[0;32m  OK  [0m] Started Nameserver information manager.
[[0;32m  OK  [0m] Started LVM2 metadata daemon.
         Starting Create Static Device Nodes in /dev...
         Mounting FUSE Control File System...
         Starting Apply Kernel Variables...
         Starting Load/Save Random Seed...
         Starting udev Coldplug all Devices...
         Starting Initial cloud-init job (pre-networking)...
         Starting Flush Journal to Persistent Storage...
[[0;32m  OK  [0m] Mounted FUSE Control File System.
[[0;32m  OK  [0m] Started Create Static Device Nodes in /dev.
[[0;32m  OK  [0m] Started Apply Kernel Variables.
[[0;32m  OK  [0m] Started Load/Save Random Seed.
[[0;32m  OK  [0m] Started Flush Journal to Persistent Storage.
         Starting udev Kernel Device Manager...
[[0;32m  OK  [0m] Started udev Coldplug all Devices.
[[0;32m  OK  [0m] Started udev Kernel Device Manager.
[[0;32m  OK  [0m] Started Dispatch Password Requests to Console Directory Watch.
[[0;32m  OK  [0m] Found device /dev/ttyS0.
[[0;32m  OK  [0m] Started Monitoring of LVM2 mirrors,...ng dmeventd or progress polling.
[[0;32m  OK  [0m] Reached target Local File Systems (Pre).
[[0;32m  OK  [0m] Reached target Local File Systems.
         Starting LSB: AppArmor initialization...
         Starting Create Volatile Files and Directories...
         Starting Commit a transient machine-id on disk...
         Starting Set console font and keymap...
         Starting Tell Plymouth To Write Out Runtime Data...
[[0;32m  OK  [0m] Started Create Volatile Files and Directories.
[[0;32m  OK  [0m] Started Tell Plymouth To Write Out Runtime Data.
[[0;32m  OK  [0m] Reached target System Time Synchronized.
         Starting Update UTMP about System Boot/Shutdown...
[[0;32m  OK  [0m] Started Commit a transient machine-id on disk.
[[0;32m  OK  [0m] Started Update UTMP about System Boot/Shutdown.
[[0;32m  OK  [0m] Listening on Load/Save RF Kill Switch Status /dev/rfkill Watch.
[    8.060427] cloud-init[464]: Cloud-init v. 0.7.9 running 'init-local' at Wed, 15 Nov 2017 03:32:10 +0000. Up 7.80 seconds.
[[0;32m  OK  [0m] Started Initial cloud-init job (pre-networking).
[[0;32m  OK  [0m] Started LSB: AppArmor initialization.
[[0;32m  OK  [0m] Reached target Network (Pre).
         Starting Raise network interfaces...
[[0;32m  OK  [0m] Started Set console font and keymap.
[[0;32m  OK  [0m] Created slice system-getty.slice.
[[0;32m  OK  [0m] Started Raise network interfaces.
[[0;32m  OK  [0m] Reached target Network.
         Starting Initial cloud-init job (metadata service crawler)...
[   11.248077] cloud-init[940]: Cloud-init v. 0.7.9 running 'init' at Wed, 15 Nov 2017 03:32:13 +0000. Up 10.91 seconds.
[   11.258135] cloud-init[940]: ci-info: +++++++++++++++++++++++++++++++++++++Net device info++++++++++++++++++++++++++++++++++++++
[   11.284611] cloud-init[940]: ci-info: +--------+------+----------------------------+---------------+-------+-------------------+
[   11.284770] cloud-init[940]: ci-info: | Device |  Up  |          Address           |      Mask     | Scope |     Hw-Address    |
[[0;32m  OK  [0m] Started Initial cloud-init job (metadata service crawler).
[   11.284857] cloud-init[940]: ci-info: +--------+------+----------------------------+---------------+-------+-------------------+
[   11.306624] cloud-init[940]: ci-info: |   lo   | True |         127.0.0.1          |   255.0.0.0   |   .   |         .         |
[   11.306798] cloud-init[940]: ci-info: |   lo   | True |          ::1/128           |       .       |  host |         .         |
[   11.306886] cloud-init[940]: ci-info: | enp0s3 | True |         10.0.2.15          | 255.255.255.0 |   .   | 02:53:17:3c:de:80 |
[   11.306988] cloud-init[940]: ci-info: | enp0s3 | True | fe80::53:17ff:fe3c:de80/64 |       .       |  link | 02:53:17:3c:de:80 |
[   11.307073] cloud-init[940]: ci-info: +--------+------+----------------------------+---------------+-------+-------------------+
[   11.307164] cloud-init[940]: ci-info: +++++++++++++++++++++++++++Route IPv4 info++++++++++++++++++++++++++++
[   11.307259] cloud-init[940]: ci-info: +-------+-------------+----------+---------------+-----------+-------+
[   11.307350] cloud-init[940]: ci-info: | Route | Destination | Gateway  |    Genmask    | Interface | Flags |
[[0;32m  OK  [0m] Reached target Cloud-config availability.
[   11.307442] cloud-init[940]: ci-info: +-------+-------------+----------+---------------+-----------+-------+
[   11.352670] cloud-init[940]: ci-info: |   0   |   0.0.0.0   | 10.0.2.2 |    0.0.0.0    |   enp0s3  |   UG  |
[   11.352740] cloud-init[940]: ci-info: |   1   |   10.0.2.0  | 0.0.0.0  | 255.255.255.0 |   enp0s3  |   U   |
[[0;32m  OK  [0m] Reached target Network is Online.
[   11.352839] cloud-init[940]: ci-info: +-------+-------------+----------+---------------+-----------+-------+
[   11.385529] cloud-init[940]: Generating public/private rsa key pair.
[   11.385657] cloud-init[940]: Your identification has been saved in /etc/ssh/ssh_host_rsa_key.
         Starting iSCSI initiator daemon (iscsid)...
[   11.385745] cloud-init[940]: Your public key has been saved in /etc/ssh/ssh_host_rsa_key.pub.
[[   11.392696] cloud-init[940]: The key fingerprint is:
[   11.392740] cloud-init[940]: SHA256:sqmZP5t2L/Inp0rNe2oEeAoxU79iq+msMJYsKSRfZ4U root@ubuntu-xenial
[   11.392831] cloud-init[940]: The key's randomart image is:
[   11.392922] cloud-init[940]: +---[RSA 2048]----+
[   11.393016] cloud-init[940]: |   ..            |
[   11.393106] cloud-init[940]: |  +  . .         |
[   11.393200] cloud-init[940]: |   + .E .        |
[   11.393292] cloud-init[940]: |  . . oo         |
[   11.393385] cloud-init[940]: |.. .+o=.S        |
[   11.393477] cloud-init[940]: |+o.o.= *.        |
[   11.393570] cloud-init[940]: |*+. . +.o        |
[   11.393679] cloud-init[940]: |=o o =+.=.+      |
[0;32m  OK  [0m] Reached target System Initialization.
[[   11.393757] cloud-init[940]: |.o= +o=O=X.      |
[   11.422183] cloud-init[940]: +----[SHA256]-----+
[0;32m  OK  [0m] Started Daily Cleanup of Temporary Directories.
[[   11.422268] cloud-init[940]: Generating public/private dsa key pair.
[   11.434012] cloud-init[940]: Your identification has been saved in /etc/ssh/ssh_host_dsa_key.
[   11.434079] cloud-init[940]: Your public key has been saved in /etc/ssh/ssh_host_dsa_key.pub.
[   11.434169] cloud-init[940]: The key fingerprint is:
[   11.434263] cloud-init[940]: SHA256:WrXc2krMKcMZBcUAi8ifZ0XieIo8zGIK+6IjZxVanbY root@ubuntu-xenial
[   11.434356] cloud-init[940]: The key's randomart image is:
[   11.434448] cloud-init[940]: +---[DSA 1024]----+
[   11.434541] cloud-init[940]: |      o.++.      |
[   11.434638] cloud-init[940]: | . . + + ..      |
[   11.434727] cloud-init[940]: |  o o.+.. o      |
[   11.434819] cloud-init[940]: | + oo++. + o     |
[   11.434912] cloud-init[940]: |o.*o+oo.S o .    |
[0;32m  OK  [0m] Started Daily apt download activities.
[   11.435046] cloud-init[940]: |+o...oE+ = +     |
[[   11.452031] cloud-init[940]: |o  .  . = * .    |
[   11.452269] cloud-init[940]: |+.o      + .     |
[0;32m  OK  [0m] Started ACPI Events Check.
[[   11.452379] cloud-init[940]: |+=.       .      |
[   11.471182] cloud-init[940]: +----[SHA256]-----+
[0;32m  OK  [0m] Reached target Paths.
         Starting Socket activation for snappy daemon.[   11.471245] cloud-init[940]: Generating public/private ecdsa key pair.
[   11.477639] cloud-init[940]: Your identification has been saved in /etc/ssh/ssh_host_ecdsa_key.
[   11.477712] cloud-init[940]: Your public key has been saved in /etc/ssh/ssh_host_ecdsa_key.pub.
[   11.477804] cloud-init[940]: The key fingerprint is:
[   11.477892] cloud-init[940]: SHA256:TYuPOPNUZC+Je89nOqI3BCCDsbjPbGSq14587h9aE+w root@ubuntu-xenial
[   11.477984] cloud-init[940]: The key's randomart image is:
[   11.478075] cloud-init[940]: +---[ECDSA 256]---+
[   11.478168] cloud-init[940]: |  .o             |
[   11.478260] cloud-init[940]: | ...o .          |
[   11.478351] cloud-init[940]: |. .  o .  +      |
[   11.478442] cloud-init[940]: | .   .  .B +     |
[   11.478534] cloud-init[940]: |. o   o S.* .    |

[   11.478649] cloud-init[940]: | B   . o =..     |
[   11.549773] cloud-init[940]: |. =.  E +.o      |
[   11.549947] cloud-init[940]: |.o..oo B .+o. o  |
         Starting LXD - unix socket.
[[   11.550040] cloud-init[940]: |..o==.. oo o+=   |
[   11.556670] cloud-init[940]: +----[SHA256]-----+
[   11.556761] cloud-init[940]: Generating public/private ed25519 key pair.
[   11.556870] cloud-init[940]: Your identification has been saved in /etc/ssh/ssh_host_ed25519_key.
[0;32m  OK  [0m] Started Daily apt upgrade and clean activities.
[[   11.556962] cloud-init[940]: Your public key has been saved in /etc/ssh/ssh_host_ed25519_key.pub.
[   11.574822] cloud-init[940]: The key fingerprint is:
[0;32m  OK  [0m] Listening on D-Bus System Message Bus Socket.
[[   11.574890] cloud-init[940]: SHA256:swD9BxRmcwxOefGEQqmHo+Qa3vhmp9eTy7B6HkbHJe8 root@ubuntu-xenial
[   11.601421] cloud-init[940]: The key's randomart image is:
[   11.601488] cloud-init[940]: +--[ED25519 256]--+
[   11.601580] cloud-init[940]: |       .X*oo.    |
[   11.601672] cloud-init[940]: |     . *+o+o     |
[   11.601778] cloud-init[940]: |    . .o+o. .    |
[   11.601879] cloud-init[940]: |    ..+o.=       |
[   11.601970] cloud-init[940]: |   o .ooS o      |
[   11.602062] cloud-init[940]: |  . o. o =       |
[   11.602155] cloud-init[940]: | . =  +...E      |
[   11.602249] cloud-init[940]: |  + +.+=+        |
[   11.602462] cloud-init[940]: |   ++Bo oo       |
[   11.602533] cloud-init[940]: +----[SHA256]-----+
[0;32m  OK  [0m] Listening on ACPID Listen Socket.
[[0;32m  OK  [0m] Started Timer to automatically refresh installed snaps.
[[0;32m  OK  [0m] Reached target Timers.
[[0;32m  OK  [0m] Listening on UUID daemon activation socket.
[[0;32m  OK  [0m] Listening on Socket activation for snappy daemon.
[[0;32m  OK  [0m] Listening on LXD - unix socket.
[[0;32m  OK  [0m] Started iSCSI initiator daemon (iscsid).
         Starting Login to default iSCSI targets...
[[0;32m  OK  [0m] Reached target Sockets.
[[0;32m  OK  [0m] Reached target Basic System.
[[0;32m  OK  [0m] Started ACPI event daemon.
[[0;32m  OK  [0m] Started Unattended Upgrades Shutdown.
[[0;32m  OK  [0m] Started Regular background program processing daemon.
         Starting LSB: Record successful boot for GRUB...
         Starting Apply the settings specified in cloud-config...
[[0;32m  OK  [0m] Started Deferred execution scheduler.
[[0;32m  OK  [0m] Started D-Bus System Message Bus.
[[0;32m  OK  [0m] Started FUSE filesystem for LXC.
         Starting /etc/rc.local Compatibility...
         Starting LSB: MD monitoring daemon...
         Starting Pollinate to seed the pseudo random number generator...
         Starting LXD - container startup/shutdown...
         Starting Login Service...
         Starting System Logging Service...
         Starting Accounts Service...
         Starting Snappy daemon...
[[0;32m  OK  [0m] Started /etc/rc.local Compatibility.
[[0;32m  OK  [0m] Started Login Service.
[[0;32m  OK  [0m] Started System Logging Service.
[[0;32m  OK  [0m] Started LSB: Record successful boot for GRUB.
[[0;32m  OK  [0m] Started LSB: MD monitoring daemon.
[[0;32m  OK  [0m] Started Login to default iSCSI targets.
[[0;32m  OK  [0m] Reached target Remote File Systems (Pre).
[[0;32m  OK  [0m] Reached target Remote File Systems.
         Starting LSB: Set the CPU Frequency Scaling governor to "ondemand"...
         Starting LSB: daemon to balance interrupts for SMP systems...
[   12.108337] cloud-init[1051]: Generating locales (this might take a while)...
         Starting LSB: automatic crash report generation...
         Starting Permit User Sessions...
         Starting LSB: VirtualBox Linux Additions...
[[0;32m  OK  [0m] Started Snappy daemon.
[[0;32m  OK  [0m] Started LXD - container startup/shutdown.
[[0;32m  OK  [0m] Started Permit User Sessions.
         Starting Authenticate and Authorize Users to Run Privileged Tasks...
         Starting Hold until boot process finishes up...
         Starting Terminate Plymouth Boot Screen...
[[0;32m  OK  [0m] Started LSB: daemon to balance interrupts for SMP systems.
[[0;32m  OK  [0m] Started Hold until boot process finishes up.
[[0;32m  OK  [0m] Started Authenticate and Authorize Users to Run Privileged Tasks.
[[0;32m  OK  [0m] Started Terminate Plymouth Boot Screen.
[[0;32m  OK  [0m] Started Accounts Service.
[[0;32m  OK  [0m] Started Serial Getty on ttyS0.
[[0;32m  OK  [0m] Started Getty on tty1.
[[0;32m  OK  [0m] Reached target Login Prompts.
         Starting Set console scheme...
[[0;32m  OK  [0m] Started LSB: Set the CPU Frequency Scaling governor to "ondemand".
[[0;32m  OK  [0m] Started LSB: automatic crash report generation.
[[0;32m  OK  [0m] Started LSB: VirtualBox Linux Additions.
[[0;32m  OK  [0m] Started Set console scheme.
[   12.639856] cloud-init[1051]:   en_US.UTF-8... done
[   12.668362] cloud-init[1051]: Generation complete.
[[0;32m  OK  [0m] Stopped OpenBSD Secure Shell server.
         Starting OpenBSD Secure Shell server...
[[0;32m  OK  [0m] Started OpenBSD Secure Shell server.
[   12.918816] cloud-init[1051]: Cloud-init v. 0.7.9 running 'modules:config' at Wed, 15 Nov 2017 03:32:14 +0000. Up 11.97 seconds.
[[0;32m  OK  [0m] Started Apply the settings specified in cloud-config.
[[0;32m  OK  [0m] Started Pollinate to seed the pseudo random number generator.
[[0;32m  OK  [0m] Reached target Multi-User System.
[[0;32m  OK  [0m] Reached target Graphical Interface.
         Starting Execute cloud user/final scripts...
         Starting Update UTMP about System Runlevel Changes...
[[0;32m  OK  [0m] Started Update UTMP about System Runlevel Changes.
ci-info: no authorized ssh keys fingerprints found for user ubuntu.
<14>Nov 15 03:32:16 ec2: 
<14>Nov 15 03:32:16 ec2: #############################################################
<14>Nov 15 03:32:16 ec2: -----BEGIN SSH HOST KEY FINGERPRINTS-----
<14>Nov 15 03:32:16 ec2: 1024 SHA256:WrXc2krMKcMZBcUAi8ifZ0XieIo8zGIK+6IjZxVanbY root@ubuntu-xenial (DSA)
<14>Nov 15 03:32:16 ec2: 256 SHA256:TYuPOPNUZC+Je89nOqI3BCCDsbjPbGSq14587h9aE+w root@ubuntu-xenial (ECDSA)
<14>Nov 15 03:32:16 ec2: 256 SHA256:swD9BxRmcwxOefGEQqmHo+Qa3vhmp9eTy7B6HkbHJe8 root@ubuntu-xenial (ED25519)
<14>Nov 15 03:32:16 ec2: 2048 SHA256:sqmZP5t2L/Inp0rNe2oEeAoxU79iq+msMJYsKSRfZ4U root@ubuntu-xenial (RSA)
<14>Nov 15 03:32:16 ec2: -----END SSH HOST KEY FINGERPRINTS-----
<14>Nov 15 03:32:16 ec2: #############################################################
-----BEGIN SSH HOST KEY KEYS-----
ecdsa-sha2-nistp256 AAAAE2VjZHNhLXNoYTItbmlzdHAyNTYAAAAIbmlzdHAyNTYAAABBBDbZefhx4WVrhPHCj41jLKATXGcRDfigKLyyJD24xEwGirG/gx+BesyWNbu8U534HspKs2bBMUUT6+5tE6gBTu8= root@ubuntu-xenial
ssh-ed25519 AAAAC3NzaC1lZDI1NTE5AAAAIL5EMKS9B4l0HhklsIh6vPPz3wSLuOdeUrpminWZEomX root@ubuntu-xenial
ssh-rsa AAAAB3NzaC1yc2EAAAADAQABAAABAQDkKrKFtqF2KEmAOfT5BkSWRSmkkwFDkodUeFs6hS8XontL5mZvpY/IATQdZzkp/vOB5zFBsFOaXqlSnDi9WZ2sq9VGjp1eOTGkhViWIErL3Tv+kIj2b06EBVuvIzD7qQ9eNuHlhCgd/OPUUDYfz6RRge5fmmKxhobWsyomqgYfQYk/uyTNrajhrOSJjJPr5dhe9d0PnkOS4+bK3BCA2tORSHZJTtT9hpI1S/rOJ1oWGEqMX+1vrE1yEx8834tEhZz7qrnp+0Sct9UZ90UbQg0bPH+nru28ZfxRNF6U2XTYhBjKLRf3jmnKE48Re2gZrMmZLGwWq2kdA9qFi1T6ecwP root@ubuntu-xenial
-----END SSH HOST KEY KEYS-----
[   13.725644] cloud-init[1293]: Cloud-init v. 0.7.9 running 'modules:final' at Wed, 15 Nov 2017 03:32:16 +0000. Up 13.57 seconds.
[   13.730117] cloud-init[1293]: ci-info: no authorized ssh keys fingerprints found for user ubuntu.
[   13.732296] cloud-init[1293]: Cloud-init v. 0.7.9 finished at Wed, 15 Nov 2017 03:32:16 +0000. Datasource DataSourceNoCloud [seed=/dev/sdb][dsmode=net].  Up 13.72 seconds
[[0;32m  OK  [0m] Started Execute cloud user/final scripts.
[[0;32m  OK  [0m] Reached target Cloud-init target.

Ubuntu 16.04.3 LTS ubuntu-xenial ttyS0

ubuntu-xenial login: 